{"message":"Method: POST, \n      url: /boards,\n      query object: {},\n      request body: {\"title\":\"Autotest board\",\"columns\":[{\"title\":\"Backlog\",\"order\":1},{\"title\":\"Sprint\",\"order\":2}]}, \n      response statusCode: 200 [5ms]","level":"\u001b[32minfo\u001b[39m"}
{"message":"Method: POST, \n      url: /boards,\n      query object: {},\n      request body: {\"title\":\"Autotest board\",\"columns\":[{\"title\":\"Backlog\",\"order\":1},{\"title\":\"Sprint\",\"order\":2}]}, \n      response statusCode: 200 [1ms]","level":"\u001b[32minfo\u001b[39m"}
{"message":"Method: GET, \n      url: /users,\n      query object: {},\n      request body: {}, \n      response statusCode: 200 [1ms]","level":"\u001b[32minfo\u001b[39m"}
{"message":"Method: POST, \n      url: /boards/c1b145c4-ae87-4e0e-8014-e75860637b9d/tasks,\n      query object: {},\n      request body: {\"title\":\"Autotest task\",\"order\":0,\"description\":\"Lorem ipsum\",\"userId\":null,\"boardId\":null,\"columnId\":null}, \n      response statusCode: 200 [1ms]","level":"\u001b[32minfo\u001b[39m"}
{"message":"Method: GET, \n      url: /boards/c1b145c4-ae87-4e0e-8014-e75860637b9d/tasks,\n      query object: {},\n      request body: {}, \n      response statusCode: 200 [1ms]","level":"\u001b[32minfo\u001b[39m"}
{"message":"Method: GET, \n      url: /boards,\n      query object: {},\n      request body: {}, \n      response statusCode: 200 [1ms]","level":"\u001b[32minfo\u001b[39m"}
{"message":"Method: POST, \n      url: /users,\n      query object: {},\n      request body: {\"name\":\"TEST_USER\",\"login\":\"test_user\",\"password\":\"T35t_P@55w0rd\"}, \n      response statusCode: 200 [1ms]","level":"\u001b[32minfo\u001b[39m"}
{"message":"Method: GET, \n      url: /boards/c1b145c4-ae87-4e0e-8014-e75860637b9d/tasks,\n      query object: {},\n      request body: {}, \n      response statusCode: 200 [1ms]","level":"\u001b[32minfo\u001b[39m"}
{"message":"Method: GET, \n      url: /users/0084cb55-dba6-40fe-9c71-6bb7bc754e7c,\n      query object: {},\n      request body: {}, \n      response statusCode: 200 [2ms]","level":"\u001b[32minfo\u001b[39m"}
{"message":"Method: GET, \n      url: /boards,\n      query object: {},\n      request body: {}, \n      response statusCode: 200 [1ms]","level":"\u001b[32minfo\u001b[39m"}
{"message":"Method: GET, \n      url: /boards/51e20ef0-2071-4534-9a01-3bdd1db70d56/tasks/f0351fd9-7ba1-4995-9488-91576455ea7c,\n      query object: {},\n      request body: {}, \n      response statusCode: 200 [1ms]","level":"\u001b[32minfo\u001b[39m"}
{"message":"Method: DELETE, \n      url: /users/0084cb55-dba6-40fe-9c71-6bb7bc754e7c,\n      query object: {},\n      request body: {}, \n      response statusCode: 204 [2ms]","level":"\u001b[32minfo\u001b[39m"}
{"message":"Method: GET, \n      url: /boards/51e20ef0-2071-4534-9a01-3bdd1db70d56,\n      query object: {},\n      request body: {}, \n      response statusCode: 200 [1ms]","level":"\u001b[32minfo\u001b[39m"}
{"message":"Method: POST, \n      url: /boards/c1b145c4-ae87-4e0e-8014-e75860637b9d/tasks,\n      query object: {},\n      request body: {\"title\":\"Autotest task\",\"order\":0,\"description\":\"Lorem ipsum\",\"userId\":null,\"boardId\":null,\"columnId\":null}, \n      response statusCode: 200 [0ms]","level":"\u001b[32minfo\u001b[39m"}
{"message":"Method: POST, \n      url: /users,\n      query object: {},\n      request body: {\"name\":\"TEST_USER\",\"login\":\"test_user\",\"password\":\"T35t_P@55w0rd\"}, \n      response statusCode: 200 [1ms]","level":"\u001b[32minfo\u001b[39m"}
{"message":"Method: POST, \n      url: /boards,\n      query object: {},\n      request body: {\"title\":\"Autotest board\",\"columns\":[{\"title\":\"Backlog\",\"order\":1},{\"title\":\"Sprint\",\"order\":2}]}, \n      response statusCode: 200 [1ms]","level":"\u001b[32minfo\u001b[39m"}
{"message":"Method: DELETE, \n      url: /boards/c1b145c4-ae87-4e0e-8014-e75860637b9d/tasks/d0e62a81-91cc-4fbb-a837-19cde30078b1,\n      query object: {},\n      request body: {}, \n      response statusCode: 204 [1ms]","level":"\u001b[32minfo\u001b[39m"}
{"message":"Method: DELETE, \n      url: /users/264620d7-731b-489a-b032-940953334622,\n      query object: {},\n      request body: {}, \n      response statusCode: 204 [1ms]","level":"\u001b[32minfo\u001b[39m"}
{"message":"Method: DELETE, \n      url: /boards/3fada031-87a2-4937-a8ed-1cf2e52990ca,\n      query object: {},\n      request body: {}, \n      response statusCode: 204 [2ms]","level":"\u001b[32minfo\u001b[39m"}
{"message":"Method: POST, \n      url: /boards/c1b145c4-ae87-4e0e-8014-e75860637b9d/tasks,\n      query object: {},\n      request body: {\"title\":\"Autotest task\",\"order\":0,\"description\":\"Lorem ipsum\",\"userId\":null,\"boardId\":null,\"columnId\":null}, \n      response statusCode: 200 [1ms]","level":"\u001b[32minfo\u001b[39m"}
{"message":"Method: POST, \n      url: /users,\n      query object: {},\n      request body: {\"name\":\"TEST_USER\",\"login\":\"test_user\",\"password\":\"T35t_P@55w0rd\"}, \n      response statusCode: 200 [1ms]","level":"\u001b[32minfo\u001b[39m"}
{"message":"Method: POST, \n      url: /boards,\n      query object: {},\n      request body: {\"title\":\"Autotest board\",\"columns\":[{\"title\":\"Backlog\",\"order\":1},{\"title\":\"Sprint\",\"order\":2}]}, \n      response statusCode: 200 [0ms]","level":"\u001b[32minfo\u001b[39m"}
{"message":"Method: PUT, \n      url: /boards/c1b145c4-ae87-4e0e-8014-e75860637b9d/tasks/243b8525-ab83-426c-9285-fd739bcd1cc1,\n      query object: {},\n      request body: {\"id\":\"243b8525-ab83-426c-9285-fd739bcd1cc1\",\"title\":\"Autotest updated task\",\"order\":0,\"description\":\"Lorem ipsum\",\"userId\":null,\"boardId\":\"c1b145c4-ae87-4e0e-8014-e75860637b9d\",\"columnId\":null}, \n      response statusCode: 200 [1ms]","level":"\u001b[32minfo\u001b[39m"}
{"message":"Method: PUT, \n      url: /users/162a9c9a-9b51-4dff-b8c0-316ce4f7b51e,\n      query object: {},\n      request body: {\"name\":\"Autotest updated TEST_USER\",\"login\":\"test_user\",\"password\":\"T35t_P@55w0rd\",\"id\":\"162a9c9a-9b51-4dff-b8c0-316ce4f7b51e\"}, \n      response statusCode: 200 [1ms]","level":"\u001b[32minfo\u001b[39m"}
{"message":"Method: PUT, \n      url: /boards/6f28d7f7-5b51-4d6c-a703-68e3f41a036e,\n      query object: {},\n      request body: {\"id\":\"6f28d7f7-5b51-4d6c-a703-68e3f41a036e\",\"title\":\"Autotest updated board\",\"columns\":[{\"title\":\"Backlog\",\"order\":1},{\"title\":\"Sprint\",\"order\":2}]}, \n      response statusCode: 200 [1ms]","level":"\u001b[32minfo\u001b[39m"}
{"message":"Method: GET, \n      url: /boards/c1b145c4-ae87-4e0e-8014-e75860637b9d/tasks/243b8525-ab83-426c-9285-fd739bcd1cc1,\n      query object: {},\n      request body: {}, \n      response statusCode: 200 [1ms]","level":"\u001b[32minfo\u001b[39m"}
{"message":"Method: GET, \n      url: /users/162a9c9a-9b51-4dff-b8c0-316ce4f7b51e,\n      query object: {},\n      request body: {}, \n      response statusCode: 200 [1ms]","level":"\u001b[32minfo\u001b[39m"}
{"message":"Method: GET, \n      url: /boards/6f28d7f7-5b51-4d6c-a703-68e3f41a036e,\n      query object: {},\n      request body: {}, \n      response statusCode: 200 [1ms]","level":"\u001b[32minfo\u001b[39m"}
{"message":"Method: GET, \n      url: /boards/c1b145c4-ae87-4e0e-8014-e75860637b9d/tasks/45195257-6c1c-4a23-9f8c-cca7efef703f,\n      query object: {},\n      request body: {}, \n      response statusCode: 200 [1ms]","level":"\u001b[32minfo\u001b[39m"}
{"message":"Method: DELETE, \n      url: /users/162a9c9a-9b51-4dff-b8c0-316ce4f7b51e,\n      query object: {},\n      request body: {}, \n      response statusCode: 204 [1ms]","level":"\u001b[32minfo\u001b[39m"}
{"message":"Method: DELETE, \n      url: /boards/6f28d7f7-5b51-4d6c-a703-68e3f41a036e,\n      query object: {},\n      request body: {}, \n      response statusCode: 204 [1ms]","level":"\u001b[32minfo\u001b[39m"}
{"message":"Method: DELETE, \n      url: /boards/c1b145c4-ae87-4e0e-8014-e75860637b9d/tasks/45195257-6c1c-4a23-9f8c-cca7efef703f,\n      query object: {},\n      request body: {}, \n      response statusCode: 204 [0ms]","level":"\u001b[32minfo\u001b[39m"}
{"message":"Method: POST, \n      url: /users,\n      query object: {},\n      request body: {\"name\":\"TEST_USER\",\"login\":\"test_user\",\"password\":\"T35t_P@55w0rd\"}, \n      response statusCode: 200 [0ms]","level":"\u001b[32minfo\u001b[39m"}
{"message":"Method: POST, \n      url: /boards,\n      query object: {},\n      request body: {\"title\":\"Autotest board\",\"columns\":[{\"title\":\"Backlog\",\"order\":1},{\"title\":\"Sprint\",\"order\":2}]}, \n      response statusCode: 200 [1ms]","level":"\u001b[32minfo\u001b[39m"}
{"message":"Method: DELETE, \n      url: /users/4f703e88-71d0-472b-86be-32a359699863,\n      query object: {},\n      request body: {}, \n      response statusCode: 204 [1ms]","level":"\u001b[32minfo\u001b[39m"}
{"message":"Method: GET, \n      url: /boards/c1b145c4-ae87-4e0e-8014-e75860637b9d/tasks/45195257-6c1c-4a23-9f8c-cca7efef703f,\n      query object: {},\n      request body: {}, \n      response statusCode: 500 [6ms]","level":"\u001b[32minfo\u001b[39m"}
{"message":"Method: DELETE, \n      url: /boards/56e92aa5-9a1e-4237-9119-21f414e73627,\n      query object: {},\n      request body: {}, \n      response statusCode: 204 [0ms]","level":"\u001b[32minfo\u001b[39m"}
{"message":"Method: POST, \n      url: /users,\n      query object: {},\n      request body: {\"name\":\"TEST_USER\",\"login\":\"test_user\",\"password\":\"T35t_P@55w0rd\"}, \n      response statusCode: 200 [1ms]","level":"\u001b[32minfo\u001b[39m"}
{"message":"Method: GET, \n      url: /boards/56e92aa5-9a1e-4237-9119-21f414e73627,\n      query object: {},\n      request body: {}, \n      response statusCode: 500 [1ms]","level":"\u001b[32minfo\u001b[39m"}
{"message":"Method: POST, \n      url: /boards,\n      query object: {},\n      request body: {\"title\":\"Autotest board\",\"columns\":[{\"title\":\"Backlog\",\"order\":1},{\"title\":\"Sprint\",\"order\":2}]}, \n      response statusCode: 200 [1ms]","level":"\u001b[32minfo\u001b[39m"}
{"message":"Method: DELETE, \n      url: /boards/c1b145c4-ae87-4e0e-8014-e75860637b9d,\n      query object: {},\n      request body: {}, \n      response statusCode: 204 [1ms]","level":"\u001b[32minfo\u001b[39m"}
{"message":"Method: POST, \n      url: /boards,\n      query object: {},\n      request body: {\"title\":\"Autotest board\",\"columns\":[{\"title\":\"Backlog\",\"order\":1},{\"title\":\"Sprint\",\"order\":2}]}, \n      response statusCode: 200 [1ms]","level":"\u001b[32minfo\u001b[39m"}
{"message":"Method: POST, \n      url: /boards/e0ee8dc2-37a0-4a39-91b4-0fe42bdd7fb3/tasks,\n      query object: {},\n      request body: {\"title\":\"Task #1\",\"order\":1,\"description\":\"Lorem ipsum\",\"userId\":\"910aab43-9e19-407c-8fc5-e0e2bb294135\",\"boardId\":\"e0ee8dc2-37a0-4a39-91b4-0fe42bdd7fb3\"}, \n      response statusCode: 200 [1ms]","level":"\u001b[32minfo\u001b[39m"}
{"message":"Method: POST, \n      url: /boards/e0ee8dc2-37a0-4a39-91b4-0fe42bdd7fb3/tasks,\n      query object: {},\n      request body: {\"title\":\"Task #2\",\"order\":2,\"description\":\"Lorem ipsum\",\"userId\":\"910aab43-9e19-407c-8fc5-e0e2bb294135\",\"boardId\":\"e0ee8dc2-37a0-4a39-91b4-0fe42bdd7fb3\"}, \n      response statusCode: 200 [1ms]","level":"\u001b[32minfo\u001b[39m"}
{"message":"Method: POST, \n      url: /boards/ebd1d507-f028-4645-8f34-f66808a30aaf/tasks,\n      query object: {},\n      request body: {\"title\":\"Task #1\",\"order\":1,\"description\":\"Lorem ipsum\",\"boardId\":\"ebd1d507-f028-4645-8f34-f66808a30aaf\",\"userId\":null,\"columnId\":null}, \n      response statusCode: 200 [1ms]","level":"\u001b[32minfo\u001b[39m"}
{"message":"Method: POST, \n      url: /boards/ebd1d507-f028-4645-8f34-f66808a30aaf/tasks,\n      query object: {},\n      request body: {\"title\":\"Task #2\",\"order\":2,\"description\":\"Lorem ipsum\",\"boardId\":\"ebd1d507-f028-4645-8f34-f66808a30aaf\",\"userId\":null,\"columnId\":null}, \n      response statusCode: 200 [1ms]","level":"\u001b[32minfo\u001b[39m"}
{"message":"Method: POST, \n      url: /boards/ebd1d507-f028-4645-8f34-f66808a30aaf/tasks,\n      query object: {},\n      request body: {\"title\":\"Task #3\",\"order\":3,\"description\":\"Lorem ipsum\",\"boardId\":\"ebd1d507-f028-4645-8f34-f66808a30aaf\",\"userId\":null,\"columnId\":null}, \n      response statusCode: 200 [1ms]","level":"\u001b[32minfo\u001b[39m"}
{"message":"Method: POST, \n      url: /boards/ebd1d507-f028-4645-8f34-f66808a30aaf/tasks,\n      query object: {},\n      request body: {\"title\":\"Task #4\",\"order\":4,\"description\":\"Lorem ipsum\",\"boardId\":\"ebd1d507-f028-4645-8f34-f66808a30aaf\",\"userId\":null,\"columnId\":null}, \n      response statusCode: 200 [1ms]","level":"\u001b[32minfo\u001b[39m"}
{"message":"Method: POST, \n      url: /boards/ebd1d507-f028-4645-8f34-f66808a30aaf/tasks,\n      query object: {},\n      request body: {\"title\":\"Task #5\",\"order\":5,\"description\":\"Lorem ipsum\",\"boardId\":\"ebd1d507-f028-4645-8f34-f66808a30aaf\",\"userId\":null,\"columnId\":null}, \n      response statusCode: 200 [1ms]","level":"\u001b[32minfo\u001b[39m"}
{"message":"Method: DELETE, \n      url: /users/910aab43-9e19-407c-8fc5-e0e2bb294135,\n      query object: {},\n      request body: {}, \n      response statusCode: 204 [1ms]","level":"\u001b[32minfo\u001b[39m"}
{"message":"Method: GET, \n      url: /boards/e0ee8dc2-37a0-4a39-91b4-0fe42bdd7fb3/tasks/3b45b968-168c-4fdc-b265-587b87d46f60,\n      query object: {},\n      request body: {}, \n      response statusCode: 200 [0ms]","level":"\u001b[32minfo\u001b[39m"}
{"message":"Method: GET, \n      url: /boards/ebd1d507-f028-4645-8f34-f66808a30aaf/tasks/f365fc98-a49d-4cb6-a4fa-117188309254,\n      query object: {},\n      request body: {}, \n      response statusCode: 200 [0ms]","level":"\u001b[32minfo\u001b[39m"}
{"message":"Method: GET, \n      url: /boards/ebd1d507-f028-4645-8f34-f66808a30aaf/tasks/ad2aa962-4870-489f-b3e8-ce4462d30dd4,\n      query object: {},\n      request body: {}, \n      response statusCode: 200 [0ms]","level":"\u001b[32minfo\u001b[39m"}
{"message":"Method: GET, \n      url: /boards/ebd1d507-f028-4645-8f34-f66808a30aaf/tasks/5b0177f0-26f9-4a64-8c02-d35819a9b557,\n      query object: {},\n      request body: {}, \n      response statusCode: 200 [0ms]","level":"\u001b[32minfo\u001b[39m"}
{"message":"Method: GET, \n      url: /boards/ebd1d507-f028-4645-8f34-f66808a30aaf/tasks/1f899d34-a017-469a-80d4-2ce8b437aa1c,\n      query object: {},\n      request body: {}, \n      response statusCode: 200 [1ms]","level":"\u001b[32minfo\u001b[39m"}
{"message":"Method: GET, \n      url: /boards/ebd1d507-f028-4645-8f34-f66808a30aaf/tasks/122f6e1e-ac07-4470-9af3-2ea2a2758d3f,\n      query object: {},\n      request body: {}, \n      response statusCode: 200 [1ms]","level":"\u001b[32minfo\u001b[39m"}
{"message":"Method: GET, \n      url: /boards/e0ee8dc2-37a0-4a39-91b4-0fe42bdd7fb3/tasks/90ec8018-e627-4302-859c-18ed1e742163,\n      query object: {},\n      request body: {}, \n      response statusCode: 200 [1ms]","level":"\u001b[32minfo\u001b[39m"}
{"message":"Method: DELETE, \n      url: /boards/ebd1d507-f028-4645-8f34-f66808a30aaf,\n      query object: {},\n      request body: {}, \n      response statusCode: 204 [1ms]","level":"\u001b[32minfo\u001b[39m"}
{"message":"Method: DELETE, \n      url: /boards/e0ee8dc2-37a0-4a39-91b4-0fe42bdd7fb3/tasks/3b45b968-168c-4fdc-b265-587b87d46f60,\n      query object: {},\n      request body: {}, \n      response statusCode: 204 [0ms]","level":"\u001b[32minfo\u001b[39m"}
{"message":"Method: DELETE, \n      url: /boards/e0ee8dc2-37a0-4a39-91b4-0fe42bdd7fb3/tasks/90ec8018-e627-4302-859c-18ed1e742163,\n      query object: {},\n      request body: {}, \n      response statusCode: 204 [1ms]","level":"\u001b[32minfo\u001b[39m"}
{"message":"Method: DELETE, \n      url: /boards/e0ee8dc2-37a0-4a39-91b4-0fe42bdd7fb3,\n      query object: {},\n      request body: {}, \n      response statusCode: 204 [1ms]","level":"\u001b[32minfo\u001b[39m"}
{"message":"Method: GET, \n      url: /boards/ebd1d507-f028-4645-8f34-f66808a30aaf/tasks/5b0177f0-26f9-4a64-8c02-d35819a9b557,\n      query object: {},\n      request body: {}, \n      response statusCode: 500 [4ms]","level":"\u001b[32minfo\u001b[39m"}
{"message":"Method: GET, \n      url: /boards/ebd1d507-f028-4645-8f34-f66808a30aaf/tasks/1f899d34-a017-469a-80d4-2ce8b437aa1c,\n      query object: {},\n      request body: {}, \n      response statusCode: 500 [7ms]","level":"\u001b[32minfo\u001b[39m"}
{"message":"Method: GET, \n      url: /boards/ebd1d507-f028-4645-8f34-f66808a30aaf/tasks/122f6e1e-ac07-4470-9af3-2ea2a2758d3f,\n      query object: {},\n      request body: {}, \n      response statusCode: 500 [8ms]","level":"\u001b[32minfo\u001b[39m"}
{"message":"Method: GET, \n      url: /boards/ebd1d507-f028-4645-8f34-f66808a30aaf/tasks/f365fc98-a49d-4cb6-a4fa-117188309254,\n      query object: {},\n      request body: {}, \n      response statusCode: 500 [9ms]","level":"\u001b[32minfo\u001b[39m"}
{"message":"Method: GET, \n      url: /boards/ebd1d507-f028-4645-8f34-f66808a30aaf/tasks/ad2aa962-4870-489f-b3e8-ce4462d30dd4,\n      query object: {},\n      request body: {}, \n      response statusCode: 500 [9ms]","level":"\u001b[32minfo\u001b[39m"}
{"message":"Method: DELETE, \n      url: /boards/479e18d6-8a37-40e9-ad12-65be5794f40a,\n      query object: {},\n      request body: {}, \n      response statusCode: 204 [1ms]","level":"\u001b[32minfo\u001b[39m"}
{"message":"Method: POST, \n      url: /boards,\n      query object: {},\n      request body: {\"title\":\"Autotest board\",\"columns\":[{\"title\":\"Backlog\",\"order\":1},{\"title\":\"Sprint\",\"order\":2}]}, \n      response statusCode: 200 [4ms]","level":"\u001b[32minfo\u001b[39m"}
{"message":"Method: GET, \n      url: /users,\n      query object: {},\n      request body: {}, \n      response statusCode: 200 [1ms]","level":"\u001b[32minfo\u001b[39m"}
{"message":"Method: POST, \n      url: /boards,\n      query object: {},\n      request body: {\"title\":\"Autotest board\",\"columns\":[{\"title\":\"Backlog\",\"order\":1},{\"title\":\"Sprint\",\"order\":2}]}, \n      response statusCode: 200 [0ms]","level":"\u001b[32minfo\u001b[39m"}
{"message":"Method: POST, \n      url: /boards/29908d5f-c3a2-4387-bddd-b7ca23fbae32/tasks,\n      query object: {},\n      request body: {\"title\":\"Autotest task\",\"order\":0,\"description\":\"Lorem ipsum\",\"userId\":null,\"boardId\":null,\"columnId\":null}, \n      response statusCode: 200 [2ms]","level":"\u001b[32minfo\u001b[39m"}
{"message":"Method: GET, \n      url: /boards/29908d5f-c3a2-4387-bddd-b7ca23fbae32/tasks,\n      query object: {},\n      request body: {}, \n      response statusCode: 200 [2ms]","level":"\u001b[32minfo\u001b[39m"}
{"message":"Method: GET, \n      url: /boards,\n      query object: {},\n      request body: {}, \n      response statusCode: 200 [1ms]","level":"\u001b[32minfo\u001b[39m"}
{"message":"Method: POST, \n      url: /users,\n      query object: {},\n      request body: {\"name\":\"TEST_USER\",\"login\":\"test_user\",\"password\":\"T35t_P@55w0rd\"}, \n      response statusCode: 200 [1ms]","level":"\u001b[32minfo\u001b[39m"}
{"message":"Method: GET, \n      url: /users/182f49ed-1cdd-4ded-8f70-49ee5c10862a,\n      query object: {},\n      request body: {}, \n      response statusCode: 200 [1ms]","level":"\u001b[32minfo\u001b[39m"}
{"message":"Method: GET, \n      url: /boards/29908d5f-c3a2-4387-bddd-b7ca23fbae32/tasks,\n      query object: {},\n      request body: {}, \n      response statusCode: 200 [1ms]","level":"\u001b[32minfo\u001b[39m"}
{"message":"Method: DELETE, \n      url: /users/182f49ed-1cdd-4ded-8f70-49ee5c10862a,\n      query object: {},\n      request body: {}, \n      response statusCode: 204 [2ms]","level":"\u001b[32minfo\u001b[39m"}
{"message":"Method: GET, \n      url: /boards,\n      query object: {},\n      request body: {}, \n      response statusCode: 200 [1ms]","level":"\u001b[32minfo\u001b[39m"}
{"message":"Method: GET, \n      url: /boards/9fd916c7-68ea-47a8-ac11-80101f6c687a/tasks/7b1c044c-3277-4755-a577-d3fe4955e465,\n      query object: {},\n      request body: {}, \n      response statusCode: 200 [0ms]","level":"\u001b[32minfo\u001b[39m"}
{"message":"Method: POST, \n      url: /users,\n      query object: {},\n      request body: {\"name\":\"TEST_USER\",\"login\":\"test_user\",\"password\":\"T35t_P@55w0rd\"}, \n      response statusCode: 200 [0ms]","level":"\u001b[32minfo\u001b[39m"}
{"message":"Method: GET, \n      url: /boards/9fd916c7-68ea-47a8-ac11-80101f6c687a,\n      query object: {},\n      request body: {}, \n      response statusCode: 200 [1ms]","level":"\u001b[32minfo\u001b[39m"}
{"message":"Method: POST, \n      url: /boards/29908d5f-c3a2-4387-bddd-b7ca23fbae32/tasks,\n      query object: {},\n      request body: {\"title\":\"Autotest task\",\"order\":0,\"description\":\"Lorem ipsum\",\"userId\":null,\"boardId\":null,\"columnId\":null}, \n      response statusCode: 200 [1ms]","level":"\u001b[32minfo\u001b[39m"}
{"message":"Method: DELETE, \n      url: /users/b666b6bd-b2e2-4619-a6d2-366b87c413dc,\n      query object: {},\n      request body: {}, \n      response statusCode: 204 [1ms]","level":"\u001b[32minfo\u001b[39m"}
{"message":"Method: DELETE, \n      url: /boards/29908d5f-c3a2-4387-bddd-b7ca23fbae32/tasks/f7332046-8de3-4a89-8116-ec2bc3a38d1e,\n      query object: {},\n      request body: {}, \n      response statusCode: 204 [1ms]","level":"\u001b[32minfo\u001b[39m"}
{"message":"Method: POST, \n      url: /boards,\n      query object: {},\n      request body: {\"title\":\"Autotest board\",\"columns\":[{\"title\":\"Backlog\",\"order\":1},{\"title\":\"Sprint\",\"order\":2}]}, \n      response statusCode: 200 [0ms]","level":"\u001b[32minfo\u001b[39m"}
{"message":"Method: POST, \n      url: /users,\n      query object: {},\n      request body: {\"name\":\"TEST_USER\",\"login\":\"test_user\",\"password\":\"T35t_P@55w0rd\"}, \n      response statusCode: 200 [1ms]","level":"\u001b[32minfo\u001b[39m"}
{"message":"Method: POST, \n      url: /boards/29908d5f-c3a2-4387-bddd-b7ca23fbae32/tasks,\n      query object: {},\n      request body: {\"title\":\"Autotest task\",\"order\":0,\"description\":\"Lorem ipsum\",\"userId\":null,\"boardId\":null,\"columnId\":null}, \n      response statusCode: 200 [0ms]","level":"\u001b[32minfo\u001b[39m"}
{"message":"Method: DELETE, \n      url: /boards/44c98ffe-525f-45b2-a057-bca1d7fae5e9,\n      query object: {},\n      request body: {}, \n      response statusCode: 204 [2ms]","level":"\u001b[32minfo\u001b[39m"}
{"message":"Method: PUT, \n      url: /users/3473b2a9-4ac7-4f2a-997e-c13902b27ac9,\n      query object: {},\n      request body: {\"name\":\"Autotest updated TEST_USER\",\"login\":\"test_user\",\"password\":\"T35t_P@55w0rd\",\"id\":\"3473b2a9-4ac7-4f2a-997e-c13902b27ac9\"}, \n      response statusCode: 200 [1ms]","level":"\u001b[32minfo\u001b[39m"}
{"message":"Method: PUT, \n      url: /boards/29908d5f-c3a2-4387-bddd-b7ca23fbae32/tasks/2df254d6-335f-49e3-aa17-0a510bf7011f,\n      query object: {},\n      request body: {\"id\":\"2df254d6-335f-49e3-aa17-0a510bf7011f\",\"title\":\"Autotest updated task\",\"order\":0,\"description\":\"Lorem ipsum\",\"userId\":null,\"boardId\":\"29908d5f-c3a2-4387-bddd-b7ca23fbae32\",\"columnId\":null}, \n      response statusCode: 200 [1ms]","level":"\u001b[32minfo\u001b[39m"}
{"message":"Method: POST, \n      url: /boards,\n      query object: {},\n      request body: {\"title\":\"Autotest board\",\"columns\":[{\"title\":\"Backlog\",\"order\":1},{\"title\":\"Sprint\",\"order\":2}]}, \n      response statusCode: 200 [1ms]","level":"\u001b[32minfo\u001b[39m"}
{"message":"Method: GET, \n      url: /users/3473b2a9-4ac7-4f2a-997e-c13902b27ac9,\n      query object: {},\n      request body: {}, \n      response statusCode: 200 [1ms]","level":"\u001b[32minfo\u001b[39m"}
{"message":"Method: GET, \n      url: /boards/29908d5f-c3a2-4387-bddd-b7ca23fbae32/tasks/2df254d6-335f-49e3-aa17-0a510bf7011f,\n      query object: {},\n      request body: {}, \n      response statusCode: 200 [0ms]","level":"\u001b[32minfo\u001b[39m"}
{"message":"Method: PUT, \n      url: /boards/70776433-209f-4eb3-a346-33c9c7fd96be,\n      query object: {},\n      request body: {\"id\":\"70776433-209f-4eb3-a346-33c9c7fd96be\",\"title\":\"Autotest updated board\",\"columns\":[{\"title\":\"Backlog\",\"order\":1},{\"title\":\"Sprint\",\"order\":2}]}, \n      response statusCode: 200 [1ms]","level":"\u001b[32minfo\u001b[39m"}
{"message":"Method: DELETE, \n      url: /users/3473b2a9-4ac7-4f2a-997e-c13902b27ac9,\n      query object: {},\n      request body: {}, \n      response statusCode: 204 [0ms]","level":"\u001b[32minfo\u001b[39m"}
{"message":"Method: GET, \n      url: /boards/29908d5f-c3a2-4387-bddd-b7ca23fbae32/tasks/e688dc4d-1004-4581-8d38-c501ea8ef507,\n      query object: {},\n      request body: {}, \n      response statusCode: 200 [1ms]","level":"\u001b[32minfo\u001b[39m"}
{"message":"Method: GET, \n      url: /boards/70776433-209f-4eb3-a346-33c9c7fd96be,\n      query object: {},\n      request body: {}, \n      response statusCode: 200 [1ms]","level":"\u001b[32minfo\u001b[39m"}
{"message":"Method: POST, \n      url: /users,\n      query object: {},\n      request body: {\"name\":\"TEST_USER\",\"login\":\"test_user\",\"password\":\"T35t_P@55w0rd\"}, \n      response statusCode: 200 [1ms]","level":"\u001b[32minfo\u001b[39m"}
{"message":"Method: DELETE, \n      url: /boards/29908d5f-c3a2-4387-bddd-b7ca23fbae32/tasks/e688dc4d-1004-4581-8d38-c501ea8ef507,\n      query object: {},\n      request body: {}, \n      response statusCode: 204 [1ms]","level":"\u001b[32minfo\u001b[39m"}
{"message":"Method: DELETE, \n      url: /boards/70776433-209f-4eb3-a346-33c9c7fd96be,\n      query object: {},\n      request body: {}, \n      response statusCode: 204 [1ms]","level":"\u001b[32minfo\u001b[39m"}
{"message":"Method: DELETE, \n      url: /users/be39b15a-3753-420c-bbdd-178fc8accfbf,\n      query object: {},\n      request body: {}, \n      response statusCode: 204 [0ms]","level":"\u001b[32minfo\u001b[39m"}
{"message":"StatusCode 404, Message: Couldn't find a(an) task with: {\"id\":\"e688dc4d-1004-4581-8d38-c501ea8ef507\"}","level":"\u001b[31merror\u001b[39m"}
{"message":"Method: GET, \n      url: /boards/29908d5f-c3a2-4387-bddd-b7ca23fbae32/tasks/e688dc4d-1004-4581-8d38-c501ea8ef507,\n      query object: {},\n      request body: {}, \n      response statusCode: 404 [2ms]","level":"\u001b[32minfo\u001b[39m"}
{"message":"Method: POST, \n      url: /boards,\n      query object: {},\n      request body: {\"title\":\"Autotest board\",\"columns\":[{\"title\":\"Backlog\",\"order\":1},{\"title\":\"Sprint\",\"order\":2}]}, \n      response statusCode: 200 [1ms]","level":"\u001b[32minfo\u001b[39m"}
{"message":"Method: POST, \n      url: /users,\n      query object: {},\n      request body: {\"name\":\"TEST_USER\",\"login\":\"test_user\",\"password\":\"T35t_P@55w0rd\"}, \n      response statusCode: 200 [1ms]","level":"\u001b[32minfo\u001b[39m"}
{"message":"Method: DELETE, \n      url: /boards/29908d5f-c3a2-4387-bddd-b7ca23fbae32,\n      query object: {},\n      request body: {}, \n      response statusCode: 204 [0ms]","level":"\u001b[32minfo\u001b[39m"}
{"message":"Method: DELETE, \n      url: /boards/911acab4-2fb5-47b9-a166-0abf4184e114,\n      query object: {},\n      request body: {}, \n      response statusCode: 204 [1ms]","level":"\u001b[32minfo\u001b[39m"}
{"message":"Method: POST, \n      url: /boards,\n      query object: {},\n      request body: {\"title\":\"Autotest board\",\"columns\":[{\"title\":\"Backlog\",\"order\":1},{\"title\":\"Sprint\",\"order\":2}]}, \n      response statusCode: 200 [1ms]","level":"\u001b[32minfo\u001b[39m"}
{"message":"StatusCode 404, Message: Couldn't find a(an) board with: {\"id\":\"911acab4-2fb5-47b9-a166-0abf4184e114\"}","level":"\u001b[31merror\u001b[39m"}
{"message":"Method: GET, \n      url: /boards/911acab4-2fb5-47b9-a166-0abf4184e114,\n      query object: {},\n      request body: {}, \n      response statusCode: 404 [1ms]","level":"\u001b[32minfo\u001b[39m"}
{"message":"Method: POST, \n      url: /boards/54a78493-41d2-4a08-806c-a45aa208e6f7/tasks,\n      query object: {},\n      request body: {\"title\":\"Task #1\",\"order\":1,\"description\":\"Lorem ipsum\",\"userId\":\"4be86f35-188e-4be0-8fc6-47360866a17a\",\"boardId\":\"54a78493-41d2-4a08-806c-a45aa208e6f7\"}, \n      response statusCode: 200 [1ms]","level":"\u001b[32minfo\u001b[39m"}
{"message":"Method: POST, \n      url: /boards/54a78493-41d2-4a08-806c-a45aa208e6f7/tasks,\n      query object: {},\n      request body: {\"title\":\"Task #2\",\"order\":2,\"description\":\"Lorem ipsum\",\"userId\":\"4be86f35-188e-4be0-8fc6-47360866a17a\",\"boardId\":\"54a78493-41d2-4a08-806c-a45aa208e6f7\"}, \n      response statusCode: 200 [0ms]","level":"\u001b[32minfo\u001b[39m"}
{"message":"Method: POST, \n      url: /boards,\n      query object: {},\n      request body: {\"title\":\"Autotest board\",\"columns\":[{\"title\":\"Backlog\",\"order\":1},{\"title\":\"Sprint\",\"order\":2}]}, \n      response statusCode: 200 [1ms]","level":"\u001b[32minfo\u001b[39m"}
{"message":"Method: DELETE, \n      url: /users/4be86f35-188e-4be0-8fc6-47360866a17a,\n      query object: {},\n      request body: {}, \n      response statusCode: 204 [0ms]","level":"\u001b[32minfo\u001b[39m"}
{"message":"Method: GET, \n      url: /boards/54a78493-41d2-4a08-806c-a45aa208e6f7/tasks/f5bf15aa-52a2-4949-a5ed-f12cde159d9c,\n      query object: {},\n      request body: {}, \n      response statusCode: 200 [1ms]","level":"\u001b[32minfo\u001b[39m"}
{"message":"Method: POST, \n      url: /boards/785b5dda-876f-4611-a89e-67b36549ebae/tasks,\n      query object: {},\n      request body: {\"title\":\"Task #1\",\"order\":1,\"description\":\"Lorem ipsum\",\"boardId\":\"785b5dda-876f-4611-a89e-67b36549ebae\",\"userId\":null,\"columnId\":null}, \n      response statusCode: 200 [0ms]","level":"\u001b[32minfo\u001b[39m"}
{"message":"Method: POST, \n      url: /boards/785b5dda-876f-4611-a89e-67b36549ebae/tasks,\n      query object: {},\n      request body: {\"title\":\"Task #2\",\"order\":2,\"description\":\"Lorem ipsum\",\"boardId\":\"785b5dda-876f-4611-a89e-67b36549ebae\",\"userId\":null,\"columnId\":null}, \n      response statusCode: 200 [0ms]","level":"\u001b[32minfo\u001b[39m"}
{"message":"Method: POST, \n      url: /boards/785b5dda-876f-4611-a89e-67b36549ebae/tasks,\n      query object: {},\n      request body: {\"title\":\"Task #3\",\"order\":3,\"description\":\"Lorem ipsum\",\"boardId\":\"785b5dda-876f-4611-a89e-67b36549ebae\",\"userId\":null,\"columnId\":null}, \n      response statusCode: 200 [1ms]","level":"\u001b[32minfo\u001b[39m"}
{"message":"Method: POST, \n      url: /boards/785b5dda-876f-4611-a89e-67b36549ebae/tasks,\n      query object: {},\n      request body: {\"title\":\"Task #4\",\"order\":4,\"description\":\"Lorem ipsum\",\"boardId\":\"785b5dda-876f-4611-a89e-67b36549ebae\",\"userId\":null,\"columnId\":null}, \n      response statusCode: 200 [1ms]","level":"\u001b[32minfo\u001b[39m"}
{"message":"Method: POST, \n      url: /boards/785b5dda-876f-4611-a89e-67b36549ebae/tasks,\n      query object: {},\n      request body: {\"title\":\"Task #5\",\"order\":5,\"description\":\"Lorem ipsum\",\"boardId\":\"785b5dda-876f-4611-a89e-67b36549ebae\",\"userId\":null,\"columnId\":null}, \n      response statusCode: 200 [1ms]","level":"\u001b[32minfo\u001b[39m"}
{"message":"Method: GET, \n      url: /boards/54a78493-41d2-4a08-806c-a45aa208e6f7/tasks/ab0d005a-5a91-48e2-8370-470654e98ccf,\n      query object: {},\n      request body: {}, \n      response statusCode: 200 [0ms]","level":"\u001b[32minfo\u001b[39m"}
{"message":"Method: GET, \n      url: /boards/785b5dda-876f-4611-a89e-67b36549ebae/tasks/693ed93f-165d-4cb0-b779-ce3ce6c16ba9,\n      query object: {},\n      request body: {}, \n      response statusCode: 200 [1ms]","level":"\u001b[32minfo\u001b[39m"}
{"message":"Method: DELETE, \n      url: /boards/54a78493-41d2-4a08-806c-a45aa208e6f7/tasks/f5bf15aa-52a2-4949-a5ed-f12cde159d9c,\n      query object: {},\n      request body: {}, \n      response statusCode: 204 [1ms]","level":"\u001b[32minfo\u001b[39m"}
{"message":"Method: GET, \n      url: /boards/785b5dda-876f-4611-a89e-67b36549ebae/tasks/9589f2d4-31af-4942-b4fa-9398e62d51a6,\n      query object: {},\n      request body: {}, \n      response statusCode: 200 [1ms]","level":"\u001b[32minfo\u001b[39m"}
{"message":"Method: DELETE, \n      url: /boards/54a78493-41d2-4a08-806c-a45aa208e6f7/tasks/ab0d005a-5a91-48e2-8370-470654e98ccf,\n      query object: {},\n      request body: {}, \n      response statusCode: 204 [1ms]","level":"\u001b[32minfo\u001b[39m"}
{"message":"Method: GET, \n      url: /boards/785b5dda-876f-4611-a89e-67b36549ebae/tasks/b5d97c98-c704-41e5-9548-a8414015b089,\n      query object: {},\n      request body: {}, \n      response statusCode: 200 [1ms]","level":"\u001b[32minfo\u001b[39m"}
{"message":"Method: GET, \n      url: /boards/785b5dda-876f-4611-a89e-67b36549ebae/tasks/95d051d5-ee34-476c-aede-b252a3411f2f,\n      query object: {},\n      request body: {}, \n      response statusCode: 200 [1ms]","level":"\u001b[32minfo\u001b[39m"}
{"message":"Method: GET, \n      url: /boards/785b5dda-876f-4611-a89e-67b36549ebae/tasks/b227cd3c-0efd-4494-97f1-2d7abd9bf31b,\n      query object: {},\n      request body: {}, \n      response statusCode: 200 [1ms]","level":"\u001b[32minfo\u001b[39m"}
{"message":"Method: DELETE, \n      url: /boards/54a78493-41d2-4a08-806c-a45aa208e6f7,\n      query object: {},\n      request body: {}, \n      response statusCode: 204 [1ms]","level":"\u001b[32minfo\u001b[39m"}
{"message":"Method: DELETE, \n      url: /boards/785b5dda-876f-4611-a89e-67b36549ebae,\n      query object: {},\n      request body: {}, \n      response statusCode: 204 [1ms]","level":"\u001b[32minfo\u001b[39m"}
{"message":"StatusCode 404, Message: Couldn't find a(an) task with: {\"id\":\"b5d97c98-c704-41e5-9548-a8414015b089\"}","level":"\u001b[31merror\u001b[39m"}
{"message":"Method: GET, \n      url: /boards/785b5dda-876f-4611-a89e-67b36549ebae/tasks/b5d97c98-c704-41e5-9548-a8414015b089,\n      query object: {},\n      request body: {}, \n      response statusCode: 404 [2ms]","level":"\u001b[32minfo\u001b[39m"}
{"message":"StatusCode 404, Message: Couldn't find a(an) task with: {\"id\":\"95d051d5-ee34-476c-aede-b252a3411f2f\"}","level":"\u001b[31merror\u001b[39m"}
{"message":"Method: GET, \n      url: /boards/785b5dda-876f-4611-a89e-67b36549ebae/tasks/95d051d5-ee34-476c-aede-b252a3411f2f,\n      query object: {},\n      request body: {}, \n      response statusCode: 404 [4ms]","level":"\u001b[32minfo\u001b[39m"}
{"message":"StatusCode 404, Message: Couldn't find a(an) task with: {\"id\":\"b227cd3c-0efd-4494-97f1-2d7abd9bf31b\"}","level":"\u001b[31merror\u001b[39m"}
{"message":"Method: GET, \n      url: /boards/785b5dda-876f-4611-a89e-67b36549ebae/tasks/b227cd3c-0efd-4494-97f1-2d7abd9bf31b,\n      query object: {},\n      request body: {}, \n      response statusCode: 404 [4ms]","level":"\u001b[32minfo\u001b[39m"}
{"message":"StatusCode 404, Message: Couldn't find a(an) task with: {\"id\":\"693ed93f-165d-4cb0-b779-ce3ce6c16ba9\"}","level":"\u001b[31merror\u001b[39m"}
{"message":"Method: GET, \n      url: /boards/785b5dda-876f-4611-a89e-67b36549ebae/tasks/693ed93f-165d-4cb0-b779-ce3ce6c16ba9,\n      query object: {},\n      request body: {}, \n      response statusCode: 404 [5ms]","level":"\u001b[32minfo\u001b[39m"}
{"message":"StatusCode 404, Message: Couldn't find a(an) task with: {\"id\":\"9589f2d4-31af-4942-b4fa-9398e62d51a6\"}","level":"\u001b[31merror\u001b[39m"}
{"message":"Method: GET, \n      url: /boards/785b5dda-876f-4611-a89e-67b36549ebae/tasks/9589f2d4-31af-4942-b4fa-9398e62d51a6,\n      query object: {},\n      request body: {}, \n      response statusCode: 404 [6ms]","level":"\u001b[32minfo\u001b[39m"}
{"message":"Method: DELETE, \n      url: /boards/dc65c947-40dd-4441-9ccb-080e92c56bf7,\n      query object: {},\n      request body: {}, \n      response statusCode: 204 [0ms]","level":"\u001b[32minfo\u001b[39m"}
{"message":"Unhandled exception: oops, stack: Error: oops\n    at Object.<anonymous> (C:\\Users\\Onya\\Downloads\\NodeJS-RS-master\\src\\app.js:35:7)\n    at Module._compile (internal/modules/cjs/loader.js:1015:30)\n    at Object.Module._extensions..js (internal/modules/cjs/loader.js:1035:10)\n    at Module.load (internal/modules/cjs/loader.js:879:32)\n    at Function.Module._load (internal/modules/cjs/loader.js:724:14)\n    at Module.require (internal/modules/cjs/loader.js:903:19)\n    at require (internal/modules/cjs/helpers.js:74:18)\n    at Object.<anonymous> (C:\\Users\\Onya\\Downloads\\NodeJS-RS-master\\src\\server.js:2:13)\n    at Module._compile (internal/modules/cjs/loader.js:1015:30)\n    at Object.Module._extensions..js (internal/modules/cjs/loader.js:1035:10)","level":"\u001b[31merror\u001b[39m"}
{"message":"Unhandled exception: oops, stack: Error: oops\n    at Object.<anonymous> (C:\\Users\\Onya\\Downloads\\NodeJS-RS-master\\src\\app.js:35:7)\n    at Module._compile (internal/modules/cjs/loader.js:1015:30)\n    at Object.Module._extensions..js (internal/modules/cjs/loader.js:1035:10)\n    at Module.load (internal/modules/cjs/loader.js:879:32)\n    at Function.Module._load (internal/modules/cjs/loader.js:724:14)\n    at Module.require (internal/modules/cjs/loader.js:903:19)\n    at require (internal/modules/cjs/helpers.js:74:18)\n    at Object.<anonymous> (C:\\Users\\Onya\\Downloads\\NodeJS-RS-master\\src\\server.js:2:13)\n    at Module._compile (internal/modules/cjs/loader.js:1015:30)\n    at Object.Module._extensions..js (internal/modules/cjs/loader.js:1035:10)","level":"\u001b[31merror\u001b[39m"}
{"message":"Method: POST, \n      url: /boards,\n      query object: {},\n      request body: {\"title\":\"Autotest board\",\"columns\":[{\"title\":\"Backlog\",\"order\":1},{\"title\":\"Sprint\",\"order\":2}]}, \n      response statusCode: 200 [5ms]","level":"\u001b[32minfo\u001b[39m"}
{"message":"Method: GET, \n      url: /users,\n      query object: {},\n      request body: {}, \n      response statusCode: 200 [1ms]","level":"\u001b[32minfo\u001b[39m"}
{"message":"Method: POST, \n      url: /boards,\n      query object: {},\n      request body: {\"title\":\"Autotest board\",\"columns\":[{\"title\":\"Backlog\",\"order\":1},{\"title\":\"Sprint\",\"order\":2}]}, \n      response statusCode: 200 [1ms]","level":"\u001b[32minfo\u001b[39m"}
{"message":"Method: POST, \n      url: /boards/c2199da9-fce1-4ba0-9148-280133e5905c/tasks,\n      query object: {},\n      request body: {\"title\":\"Autotest task\",\"order\":0,\"description\":\"Lorem ipsum\",\"userId\":null,\"boardId\":null,\"columnId\":null}, \n      response statusCode: 200 [2ms]","level":"\u001b[32minfo\u001b[39m"}
{"message":"Method: GET, \n      url: /boards/c2199da9-fce1-4ba0-9148-280133e5905c/tasks,\n      query object: {},\n      request body: {}, \n      response statusCode: 200 [1ms]","level":"\u001b[32minfo\u001b[39m"}
{"message":"Method: GET, \n      url: /boards,\n      query object: {},\n      request body: {}, \n      response statusCode: 200 [1ms]","level":"\u001b[32minfo\u001b[39m"}
{"message":"Method: POST, \n      url: /users,\n      query object: {},\n      request body: {\"name\":\"TEST_USER\",\"login\":\"test_user\",\"password\":\"T35t_P@55w0rd\"}, \n      response statusCode: 200 [1ms]","level":"\u001b[32minfo\u001b[39m"}
{"message":"Method: GET, \n      url: /users/8b9c4450-a046-46c6-8b60-0603f40940b3,\n      query object: {},\n      request body: {}, \n      response statusCode: 200 [1ms]","level":"\u001b[32minfo\u001b[39m"}
{"message":"Method: GET, \n      url: /boards/c2199da9-fce1-4ba0-9148-280133e5905c/tasks,\n      query object: {},\n      request body: {}, \n      response statusCode: 200 [1ms]","level":"\u001b[32minfo\u001b[39m"}
{"message":"Method: GET, \n      url: /boards,\n      query object: {},\n      request body: {}, \n      response statusCode: 200 [2ms]","level":"\u001b[32minfo\u001b[39m"}
{"message":"Method: DELETE, \n      url: /users/8b9c4450-a046-46c6-8b60-0603f40940b3,\n      query object: {},\n      request body: {}, \n      response statusCode: 204 [1ms]","level":"\u001b[32minfo\u001b[39m"}
{"message":"Method: GET, \n      url: /boards/71ec2086-65b3-40d1-b700-1040b7194d5d/tasks/994f4127-96d8-4150-89c6-1975d3d9d521,\n      query object: {},\n      request body: {}, \n      response statusCode: 200 [2ms]","level":"\u001b[32minfo\u001b[39m"}
{"message":"Method: GET, \n      url: /boards/71ec2086-65b3-40d1-b700-1040b7194d5d,\n      query object: {},\n      request body: {}, \n      response statusCode: 200 [1ms]","level":"\u001b[32minfo\u001b[39m"}
{"message":"Method: POST, \n      url: /users,\n      query object: {},\n      request body: {\"name\":\"TEST_USER\",\"login\":\"test_user\",\"password\":\"T35t_P@55w0rd\"}, \n      response statusCode: 200 [1ms]","level":"\u001b[32minfo\u001b[39m"}
{"message":"Method: POST, \n      url: /boards/c2199da9-fce1-4ba0-9148-280133e5905c/tasks,\n      query object: {},\n      request body: {\"title\":\"Autotest task\",\"order\":0,\"description\":\"Lorem ipsum\",\"userId\":null,\"boardId\":null,\"columnId\":null}, \n      response statusCode: 200 [1ms]","level":"\u001b[32minfo\u001b[39m"}
{"message":"Method: POST, \n      url: /boards,\n      query object: {},\n      request body: {\"title\":\"Autotest board\",\"columns\":[{\"title\":\"Backlog\",\"order\":1},{\"title\":\"Sprint\",\"order\":2}]}, \n      response statusCode: 200 [1ms]","level":"\u001b[32minfo\u001b[39m"}
{"message":"Method: DELETE, \n      url: /users/226303ae-b618-4cb7-8096-7f30f57bf14f,\n      query object: {},\n      request body: {}, \n      response statusCode: 204 [1ms]","level":"\u001b[32minfo\u001b[39m"}
{"message":"Method: DELETE, \n      url: /boards/c2199da9-fce1-4ba0-9148-280133e5905c/tasks/78279e60-6dce-425a-838e-da3202714c9f,\n      query object: {},\n      request body: {}, \n      response statusCode: 204 [1ms]","level":"\u001b[32minfo\u001b[39m"}
{"message":"Method: DELETE, \n      url: /boards/20f06ee8-d50a-4a3c-9032-1d55b11ab3a6,\n      query object: {},\n      request body: {}, \n      response statusCode: 204 [1ms]","level":"\u001b[32minfo\u001b[39m"}
{"message":"Method: POST, \n      url: /users,\n      query object: {},\n      request body: {\"name\":\"TEST_USER\",\"login\":\"test_user\",\"password\":\"T35t_P@55w0rd\"}, \n      response statusCode: 200 [1ms]","level":"\u001b[32minfo\u001b[39m"}
{"message":"Method: POST, \n      url: /boards/c2199da9-fce1-4ba0-9148-280133e5905c/tasks,\n      query object: {},\n      request body: {\"title\":\"Autotest task\",\"order\":0,\"description\":\"Lorem ipsum\",\"userId\":null,\"boardId\":null,\"columnId\":null}, \n      response statusCode: 200 [0ms]","level":"\u001b[32minfo\u001b[39m"}
{"message":"Method: POST, \n      url: /boards,\n      query object: {},\n      request body: {\"title\":\"Autotest board\",\"columns\":[{\"title\":\"Backlog\",\"order\":1},{\"title\":\"Sprint\",\"order\":2}]}, \n      response statusCode: 200 [1ms]","level":"\u001b[32minfo\u001b[39m"}
{"message":"Method: PUT, \n      url: /users/d5f37a07-15ba-4a87-b3cc-e7d9c7280aac,\n      query object: {},\n      request body: {\"name\":\"Autotest updated TEST_USER\",\"login\":\"test_user\",\"password\":\"T35t_P@55w0rd\",\"id\":\"d5f37a07-15ba-4a87-b3cc-e7d9c7280aac\"}, \n      response statusCode: 200 [0ms]","level":"\u001b[32minfo\u001b[39m"}
{"message":"Method: PUT, \n      url: /boards/c2199da9-fce1-4ba0-9148-280133e5905c/tasks/b2455cc2-3e3a-4eb3-8d47-00a2313fa650,\n      query object: {},\n      request body: {\"id\":\"b2455cc2-3e3a-4eb3-8d47-00a2313fa650\",\"title\":\"Autotest updated task\",\"order\":0,\"description\":\"Lorem ipsum\",\"userId\":null,\"boardId\":\"c2199da9-fce1-4ba0-9148-280133e5905c\",\"columnId\":null}, \n      response statusCode: 200 [1ms]","level":"\u001b[32minfo\u001b[39m"}
{"message":"Method: PUT, \n      url: /boards/e8210a78-3f20-48c5-8733-faf4e5d8828c,\n      query object: {},\n      request body: {\"id\":\"e8210a78-3f20-48c5-8733-faf4e5d8828c\",\"title\":\"Autotest updated board\",\"columns\":[{\"title\":\"Backlog\",\"order\":1},{\"title\":\"Sprint\",\"order\":2}]}, \n      response statusCode: 200 [1ms]","level":"\u001b[32minfo\u001b[39m"}
{"message":"Method: GET, \n      url: /users/d5f37a07-15ba-4a87-b3cc-e7d9c7280aac,\n      query object: {},\n      request body: {}, \n      response statusCode: 200 [1ms]","level":"\u001b[32minfo\u001b[39m"}
{"message":"Method: GET, \n      url: /boards/c2199da9-fce1-4ba0-9148-280133e5905c/tasks/b2455cc2-3e3a-4eb3-8d47-00a2313fa650,\n      query object: {},\n      request body: {}, \n      response statusCode: 200 [1ms]","level":"\u001b[32minfo\u001b[39m"}
{"message":"Method: GET, \n      url: /boards/e8210a78-3f20-48c5-8733-faf4e5d8828c,\n      query object: {},\n      request body: {}, \n      response statusCode: 200 [1ms]","level":"\u001b[32minfo\u001b[39m"}
{"message":"Method: DELETE, \n      url: /users/d5f37a07-15ba-4a87-b3cc-e7d9c7280aac,\n      query object: {},\n      request body: {}, \n      response statusCode: 204 [1ms]","level":"\u001b[32minfo\u001b[39m"}
{"message":"Method: GET, \n      url: /boards/c2199da9-fce1-4ba0-9148-280133e5905c/tasks/41092f1d-83a6-4bd1-8bd8-7bf51bcabc7e,\n      query object: {},\n      request body: {}, \n      response statusCode: 200 [1ms]","level":"\u001b[32minfo\u001b[39m"}
{"message":"Method: DELETE, \n      url: /boards/e8210a78-3f20-48c5-8733-faf4e5d8828c,\n      query object: {},\n      request body: {}, \n      response statusCode: 204 [0ms]","level":"\u001b[32minfo\u001b[39m"}
{"message":"Method: POST, \n      url: /users,\n      query object: {},\n      request body: {\"name\":\"TEST_USER\",\"login\":\"test_user\",\"password\":\"T35t_P@55w0rd\"}, \n      response statusCode: 200 [0ms]","level":"\u001b[32minfo\u001b[39m"}
{"message":"Method: DELETE, \n      url: /boards/c2199da9-fce1-4ba0-9148-280133e5905c/tasks/41092f1d-83a6-4bd1-8bd8-7bf51bcabc7e,\n      query object: {},\n      request body: {}, \n      response statusCode: 204 [1ms]","level":"\u001b[32minfo\u001b[39m"}
{"message":"Method: POST, \n      url: /boards,\n      query object: {},\n      request body: {\"title\":\"Autotest board\",\"columns\":[{\"title\":\"Backlog\",\"order\":1},{\"title\":\"Sprint\",\"order\":2}]}, \n      response statusCode: 200 [0ms]","level":"\u001b[32minfo\u001b[39m"}
{"message":"Method: DELETE, \n      url: /users/3880af24-5acd-4fba-9c1c-4f59ed9dc076,\n      query object: {},\n      request body: {}, \n      response statusCode: 204 [0ms]","level":"\u001b[32minfo\u001b[39m"}
{"message":"Method: DELETE, \n      url: /boards/ccf5b393-b5ae-4922-a24d-0de9282dc569,\n      query object: {},\n      request body: {}, \n      response statusCode: 204 [1ms]","level":"\u001b[32minfo\u001b[39m"}
{"message":"StatusCode 404, Message: Couldn't find a(an) task with: {\"id\":\"41092f1d-83a6-4bd1-8bd8-7bf51bcabc7e\"}","level":"\u001b[31merror\u001b[39m"}
{"message":"Method: GET, \n      url: /boards/c2199da9-fce1-4ba0-9148-280133e5905c/tasks/41092f1d-83a6-4bd1-8bd8-7bf51bcabc7e,\n      query object: {},\n      request body: {}, \n      response statusCode: 404 [3ms]","level":"\u001b[32minfo\u001b[39m"}
{"message":"Method: POST, \n      url: /users,\n      query object: {},\n      request body: {\"name\":\"TEST_USER\",\"login\":\"test_user\",\"password\":\"T35t_P@55w0rd\"}, \n      response statusCode: 200 [0ms]","level":"\u001b[32minfo\u001b[39m"}
{"message":"StatusCode 404, Message: Couldn't find a(an) board with: {\"id\":\"ccf5b393-b5ae-4922-a24d-0de9282dc569\"}","level":"\u001b[31merror\u001b[39m"}
{"message":"Method: GET, \n      url: /boards/ccf5b393-b5ae-4922-a24d-0de9282dc569,\n      query object: {},\n      request body: {}, \n      response statusCode: 404 [1ms]","level":"\u001b[32minfo\u001b[39m"}
{"message":"Method: DELETE, \n      url: /boards/c2199da9-fce1-4ba0-9148-280133e5905c,\n      query object: {},\n      request body: {}, \n      response statusCode: 204 [1ms]","level":"\u001b[32minfo\u001b[39m"}
{"message":"Method: POST, \n      url: /boards,\n      query object: {},\n      request body: {\"title\":\"Autotest board\",\"columns\":[{\"title\":\"Backlog\",\"order\":1},{\"title\":\"Sprint\",\"order\":2}]}, \n      response statusCode: 200 [0ms]","level":"\u001b[32minfo\u001b[39m"}
{"message":"Method: POST, \n      url: /boards,\n      query object: {},\n      request body: {\"title\":\"Autotest board\",\"columns\":[{\"title\":\"Backlog\",\"order\":1},{\"title\":\"Sprint\",\"order\":2}]}, \n      response statusCode: 200 [1ms]","level":"\u001b[32minfo\u001b[39m"}
{"message":"Method: POST, \n      url: /boards/e396d65d-c005-46c8-a253-bf0c707879d6/tasks,\n      query object: {},\n      request body: {\"title\":\"Task #1\",\"order\":1,\"description\":\"Lorem ipsum\",\"userId\":\"bef5e321-8126-4f16-a71a-5caa691c95f5\",\"boardId\":\"e396d65d-c005-46c8-a253-bf0c707879d6\"}, \n      response statusCode: 200 [1ms]","level":"\u001b[32minfo\u001b[39m"}
{"message":"Method: POST, \n      url: /boards/e396d65d-c005-46c8-a253-bf0c707879d6/tasks,\n      query object: {},\n      request body: {\"title\":\"Task #2\",\"order\":2,\"description\":\"Lorem ipsum\",\"userId\":\"bef5e321-8126-4f16-a71a-5caa691c95f5\",\"boardId\":\"e396d65d-c005-46c8-a253-bf0c707879d6\"}, \n      response statusCode: 200 [1ms]","level":"\u001b[32minfo\u001b[39m"}
{"message":"Method: POST, \n      url: /boards/7f9bdc21-28c2-4773-9587-ac6919dcf319/tasks,\n      query object: {},\n      request body: {\"title\":\"Task #1\",\"order\":1,\"description\":\"Lorem ipsum\",\"boardId\":\"7f9bdc21-28c2-4773-9587-ac6919dcf319\",\"userId\":null,\"columnId\":null}, \n      response statusCode: 200 [0ms]","level":"\u001b[32minfo\u001b[39m"}
{"message":"Method: POST, \n      url: /boards/7f9bdc21-28c2-4773-9587-ac6919dcf319/tasks,\n      query object: {},\n      request body: {\"title\":\"Task #2\",\"order\":2,\"description\":\"Lorem ipsum\",\"boardId\":\"7f9bdc21-28c2-4773-9587-ac6919dcf319\",\"userId\":null,\"columnId\":null}, \n      response statusCode: 200 [0ms]","level":"\u001b[32minfo\u001b[39m"}
{"message":"Method: POST, \n      url: /boards/7f9bdc21-28c2-4773-9587-ac6919dcf319/tasks,\n      query object: {},\n      request body: {\"title\":\"Task #3\",\"order\":3,\"description\":\"Lorem ipsum\",\"boardId\":\"7f9bdc21-28c2-4773-9587-ac6919dcf319\",\"userId\":null,\"columnId\":null}, \n      response statusCode: 200 [1ms]","level":"\u001b[32minfo\u001b[39m"}
{"message":"Method: POST, \n      url: /boards/7f9bdc21-28c2-4773-9587-ac6919dcf319/tasks,\n      query object: {},\n      request body: {\"title\":\"Task #4\",\"order\":4,\"description\":\"Lorem ipsum\",\"boardId\":\"7f9bdc21-28c2-4773-9587-ac6919dcf319\",\"userId\":null,\"columnId\":null}, \n      response statusCode: 200 [1ms]","level":"\u001b[32minfo\u001b[39m"}
{"message":"Method: POST, \n      url: /boards/7f9bdc21-28c2-4773-9587-ac6919dcf319/tasks,\n      query object: {},\n      request body: {\"title\":\"Task #5\",\"order\":5,\"description\":\"Lorem ipsum\",\"boardId\":\"7f9bdc21-28c2-4773-9587-ac6919dcf319\",\"userId\":null,\"columnId\":null}, \n      response statusCode: 200 [0ms]","level":"\u001b[32minfo\u001b[39m"}
{"message":"Method: DELETE, \n      url: /users/bef5e321-8126-4f16-a71a-5caa691c95f5,\n      query object: {},\n      request body: {}, \n      response statusCode: 204 [1ms]","level":"\u001b[32minfo\u001b[39m"}
{"message":"Method: GET, \n      url: /boards/e396d65d-c005-46c8-a253-bf0c707879d6/tasks/5f85cb92-5d35-4a8e-bb38-780a18d7a166,\n      query object: {},\n      request body: {}, \n      response statusCode: 200 [0ms]","level":"\u001b[32minfo\u001b[39m"}
{"message":"Method: GET, \n      url: /boards/7f9bdc21-28c2-4773-9587-ac6919dcf319/tasks/4af05302-6455-4363-b08d-9f0f1e3a811c,\n      query object: {},\n      request body: {}, \n      response statusCode: 200 [0ms]","level":"\u001b[32minfo\u001b[39m"}
{"message":"Method: GET, \n      url: /boards/7f9bdc21-28c2-4773-9587-ac6919dcf319/tasks/ff7ab742-ef2e-4117-850d-04662c31f3a9,\n      query object: {},\n      request body: {}, \n      response statusCode: 200 [0ms]","level":"\u001b[32minfo\u001b[39m"}
{"message":"Method: GET, \n      url: /boards/7f9bdc21-28c2-4773-9587-ac6919dcf319/tasks/1b85686d-888c-4821-9749-a7a8b52fa73b,\n      query object: {},\n      request body: {}, \n      response statusCode: 200 [1ms]","level":"\u001b[32minfo\u001b[39m"}
{"message":"Method: GET, \n      url: /boards/7f9bdc21-28c2-4773-9587-ac6919dcf319/tasks/0efb56bf-485b-4488-9d89-2d3e0eeef100,\n      query object: {},\n      request body: {}, \n      response statusCode: 200 [1ms]","level":"\u001b[32minfo\u001b[39m"}
{"message":"Method: GET, \n      url: /boards/7f9bdc21-28c2-4773-9587-ac6919dcf319/tasks/b80456eb-867e-4f83-ba92-a8e915194186,\n      query object: {},\n      request body: {}, \n      response statusCode: 200 [1ms]","level":"\u001b[32minfo\u001b[39m"}
{"message":"Method: GET, \n      url: /boards/e396d65d-c005-46c8-a253-bf0c707879d6/tasks/369300f3-5cf5-448c-ad43-d0720e0f62be,\n      query object: {},\n      request body: {}, \n      response statusCode: 200 [0ms]","level":"\u001b[32minfo\u001b[39m"}
{"message":"Method: DELETE, \n      url: /boards/7f9bdc21-28c2-4773-9587-ac6919dcf319,\n      query object: {},\n      request body: {}, \n      response statusCode: 204 [0ms]","level":"\u001b[32minfo\u001b[39m"}
{"message":"Method: DELETE, \n      url: /boards/e396d65d-c005-46c8-a253-bf0c707879d6/tasks/369300f3-5cf5-448c-ad43-d0720e0f62be,\n      query object: {},\n      request body: {}, \n      response statusCode: 204 [1ms]","level":"\u001b[32minfo\u001b[39m"}
{"message":"Method: DELETE, \n      url: /boards/e396d65d-c005-46c8-a253-bf0c707879d6/tasks/5f85cb92-5d35-4a8e-bb38-780a18d7a166,\n      query object: {},\n      request body: {}, \n      response statusCode: 204 [0ms]","level":"\u001b[32minfo\u001b[39m"}
{"message":"StatusCode 404, Message: Couldn't find a(an) task with: {\"id\":\"b80456eb-867e-4f83-ba92-a8e915194186\"}","level":"\u001b[31merror\u001b[39m"}
{"message":"Method: GET, \n      url: /boards/7f9bdc21-28c2-4773-9587-ac6919dcf319/tasks/b80456eb-867e-4f83-ba92-a8e915194186,\n      query object: {},\n      request body: {}, \n      response statusCode: 404 [3ms]","level":"\u001b[32minfo\u001b[39m"}
{"message":"StatusCode 404, Message: Couldn't find a(an) task with: {\"id\":\"4af05302-6455-4363-b08d-9f0f1e3a811c\"}","level":"\u001b[31merror\u001b[39m"}
{"message":"Method: GET, \n      url: /boards/7f9bdc21-28c2-4773-9587-ac6919dcf319/tasks/4af05302-6455-4363-b08d-9f0f1e3a811c,\n      query object: {},\n      request body: {}, \n      response statusCode: 404 [3ms]","level":"\u001b[32minfo\u001b[39m"}
{"message":"StatusCode 404, Message: Couldn't find a(an) task with: {\"id\":\"0efb56bf-485b-4488-9d89-2d3e0eeef100\"}","level":"\u001b[31merror\u001b[39m"}
{"message":"Method: GET, \n      url: /boards/7f9bdc21-28c2-4773-9587-ac6919dcf319/tasks/0efb56bf-485b-4488-9d89-2d3e0eeef100,\n      query object: {},\n      request body: {}, \n      response statusCode: 404 [5ms]","level":"\u001b[32minfo\u001b[39m"}
{"message":"Method: DELETE, \n      url: /boards/e396d65d-c005-46c8-a253-bf0c707879d6,\n      query object: {},\n      request body: {}, \n      response statusCode: 204 [1ms]","level":"\u001b[32minfo\u001b[39m"}
{"message":"StatusCode 404, Message: Couldn't find a(an) task with: {\"id\":\"ff7ab742-ef2e-4117-850d-04662c31f3a9\"}","level":"\u001b[31merror\u001b[39m"}
{"message":"Method: GET, \n      url: /boards/7f9bdc21-28c2-4773-9587-ac6919dcf319/tasks/ff7ab742-ef2e-4117-850d-04662c31f3a9,\n      query object: {},\n      request body: {}, \n      response statusCode: 404 [7ms]","level":"\u001b[32minfo\u001b[39m"}
{"message":"StatusCode 404, Message: Couldn't find a(an) task with: {\"id\":\"1b85686d-888c-4821-9749-a7a8b52fa73b\"}","level":"\u001b[31merror\u001b[39m"}
{"message":"Method: GET, \n      url: /boards/7f9bdc21-28c2-4773-9587-ac6919dcf319/tasks/1b85686d-888c-4821-9749-a7a8b52fa73b,\n      query object: {},\n      request body: {}, \n      response statusCode: 404 [8ms]","level":"\u001b[32minfo\u001b[39m"}
{"message":"Method: DELETE, \n      url: /boards/763064a1-29cf-44e9-b1bc-bbe5ed6b473a,\n      query object: {},\n      request body: {}, \n      response statusCode: 204 [0ms]","level":"\u001b[32minfo\u001b[39m"}
{"message":"Method: GET, \n      url: /,\n      query object: {},\n      request body: {}, \n      response statusCode: 404 [2ms]","level":"\u001b[32minfo\u001b[39m"}
{"message":"StatusCode 404, Message: Couldn't find a(an) user with: {\"id\":\"fgnf\"}","level":"\u001b[31merror\u001b[39m"}
{"message":"Method: GET, \n      url: /users/fgnf,\n      query object: {},\n      request body: {}, \n      response statusCode: 404 [2ms]","level":"\u001b[32minfo\u001b[39m"}
{"message":"StatusCode 404, Message: Couldn't find a(an) user with: {\"id\":\"fgnf\"}","level":"\u001b[31merror\u001b[39m"}
{"message":"Method: GET, \n      url: /users/fgnf,\n      query object: {},\n      request body: {}, \n      response statusCode: 404 [1ms]","level":"\u001b[32minfo\u001b[39m"}
